[12:35:31.146] [INFO] storybook v10.2.16
[12:35:34.211] [DEBUG] Getting package.json info for /Users/ivelinivanov/dub-sidebar/package.json...
[12:35:38.986] [DEBUG] Serving static files from public at /
[12:35:38.986] [DEBUG] Serving static files from node_modules/geist/dist/fonts/geist-sans at /fonts/geist-sans
[12:35:38.996] [INFO] Starting...
[12:35:39.211] [DEBUG] Starting preview..
[12:35:39.325] [DEBUG] Using tsconfig paths for react-docgen
[12:35:39.616] [ERROR] Failed to build the preview
[12:35:39.616] [ERROR] Error [ERR_MODULE_NOT_FOUND]: Cannot find package 'vite' imported from ./.storybook/main.ts
Did you mean to import "vite/dist/node/index.js"?
    at Object.getPackageJSONURL (node:internal/modules/package_json_reader:316:9)
    at packageResolve (node:internal/modules/esm/resolve:768:81)
    at moduleResolve (node:internal/modules/esm/resolve:858:18)
    at defaultResolve (node:internal/modules/esm/resolve:990:11)
    at nextResolve (node:internal/modules/esm/hooks:748:28)
    at o (file://./node_modules/.pnpm/@tailwindcss+node@4.2.1/node_modules/@tailwindcss/node/dist/esm-cache.loader.mjs:1:69)
    at nextResolve (node:internal/modules/esm/hooks:748:28)
    at Hooks.resolve (node:internal/modules/esm/hooks:240:30)
    at MessagePort.handleMessage (node:internal/modules/esm/worker:201:24)
    at [nodejs.internal.kHybridDispatch] (node:internal/event_target:845:20)
[12:35:39.618] [WARN] Broken build, fix the error above.
You may need to refresh the browser.
[12:35:39.623] [INFO] Storybook collects completely anonymous usage telemetry. We use it to shape Storybook's roadmap and prioritize features. You can learn more, including how to opt out, at https://storybook.js.org/telemetry